2025-03-18 11:14:00 | INFO | repo=arquillian-phantom-driver | action=commit
2025-06-15 21:52:00 | INFO | repo=arquillian-phantom-driver | action=commit
2025-04-17 19:57:00 | DEBUG | repo=arquillian-phantom-driver | action=commit
2025-01-25 20:10:00 | DEBUG | repo=arquillian-phantom-driver | action=commit
2025-01-24 21:43:00 | WARN | repo=arquillian-phantom-driver | action=commit
2025-03-09 15:28:00 | INFO | repo=arquillian-phantom-driver | action=commit
2025-02-14 11:41:00 | DEBUG | repo=arquillian-phantom-driver | action=commit
2025-08-10 11:09:00 | DEBUG | repo=arquillian-phantom-driver | action=commit
2025-07-09 12:34:00 | WARN | repo=arquillian-phantom-driver | action=commit
2025-07-09 07:09:00 | WARN | repo=arquillian-phantom-driver | action=commit
2025-03-26 13:20:00 | INFO | repo=arquillian-phantom-driver | action=pull
2025-09-15 07:44:00 | WARN | repo=arquillian-phantom-driver | action=commit
2025-02-15 21:46:00 | WARN | repo=arquillian-phantom-driver | action=commit
2025-07-10 15:19:00 | WARN | repo=arquillian-phantom-driver | action=pull
2025-05-06 08:04:00 | WARN | repo=arquillian-phantom-driver | action=commit
2025-03-05 07:54:00 | DEBUG | repo=arquillian-phantom-driver | action=commit
2025-11-06 18:37:00 | DEBUG | repo=arquillian-phantom-driver | action=commit
2025-06-16 08:18:00 | WARN | repo=arquillian-phantom-driver | action=edit | files=3
2025-12-04 18:49:00 | INFO | repo=arquillian-phantom-driver | action=commit
2025-09-22 18:54:00 | DEBUG | repo=arquillian-phantom-driver | action=test | passed=true
2025-05-20 20:53:00 | WARN | repo=arquillian-phantom-driver | action=edit | files=1
2025-04-04 18:00:00 | DEBUG | repo=arquillian-phantom-driver | action=commit
2025-11-25 10:11:00 | WARN | repo=arquillian-phantom-driver | action=commit
2025-03-23 07:19:00 | INFO | repo=arquillian-phantom-driver | action=commit
2025-12-06 10:46:00 | INFO | repo=arquillian-phantom-driver | action=commit
2025-08-28 09:51:00 | INFO | repo=arquillian-phantom-driver | action=commit
2025-09-16 14:19:00 | DEBUG | repo=arquillian-phantom-driver | action=commit
2025-12-13 15:25:00 | INFO | repo=arquillian-phantom-driver | action=commit
2025-08-22 18:22:00 | WARN | repo=arquillian-phantom-driver | action=commit
2025-07-07 17:07:00 | INFO | repo=arquillian-phantom-driver | action=commit
2025-10-19 18:55:00 | DEBUG | repo=arquillian-phantom-driver | action=commit
2025-12-21 17:52:00 | DEBUG | repo=arquillian-phantom-driver | action=commit
2025-08-17 08:51:00 | WARN | repo=arquillian-phantom-driver | action=commit
2025-12-07 08:24:00 | INFO | repo=arquillian-phantom-driver | action=commit
2025-12-15 07:08:00 | INFO | repo=arquillian-phantom-driver | action=commit
2025-02-18 07:40:00 | DEBUG | repo=arquillian-phantom-driver | action=commit
2025-06-08 21:00:00 | DEBUG | repo=arquillian-phantom-driver | action=commit
2025-10-19 21:10:00 | WARN | repo=arquillian-phantom-driver | action=commit
2025-04-05 09:51:00 | DEBUG | repo=arquillian-phantom-driver | action=edit | files=4
2025-01-13 13:03:00 | WARN | repo=arquillian-phantom-driver | action=commit
2025-05-16 11:08:00 | WARN | repo=arquillian-phantom-driver | action=pull
2025-09-28 18:48:00 | INFO | repo=arquillian-phantom-driver | action=commit
2025-04-12 07:44:00 | DEBUG | repo=arquillian-phantom-driver | action=commit
